<?xml version="1.0" encoding="UTF-8"?>
<!-- Generated by org.testng.reporters.JUnitReportReporter -->
<testsuite hostname="DESKTOP-4D9JFEI" failures="0" tests="2" name="testcases.AmazonTest" time="16.924" errors="0" timestamp="2023-05-02T23:01:35 CEST" skipped="0">
  <testcase classname="testcases.AmazonTest" name="test" time="7.698"/>
  <system-out/>
  <testcase classname="testcases.AmazonTest" name="test" time="9.226"/>
  <system-out/>
</testsuite> <!-- testcases.AmazonTest -->
